2025-09-25T09:41:12.6583153Z [INFO] -------------------------------------------------------
2025-09-25T09:41:12.6583663Z [INFO]  T E S T S
2025-09-25T09:41:12.6584154Z [INFO] -------------------------------------------------------
2025-09-25T09:41:13.3466114Z [INFO] Running com.ai.qa.user.api.controller.UserControllerTest
2025-09-25T09:41:13.8959123Z OpenJDK 64-Bit Server VM warning: Sharing is only supported for boot loader classes because bootstrap classpath has been appended
2025-09-25T09:41:14.6550666Z [INFO] Tests run: 2, Failures: 0, Errors: 0, Skipped: 0, Time elapsed: 1.269 s - in com.ai.qa.user.api.controller.UserControllerTest
2025-09-25T09:41:14.6770280Z [INFO] Running com.ai.qa.user.api.controller.UserControllerIntegrationTest
2025-09-25T09:41:14.8846706Z 09:41:14.820 [main] INFO org.testcontainers.images.PullPolicy -- Image pull policy will be performed by: DefaultPullPolicy()
2025-09-25T09:41:14.8850077Z 09:41:14.825 [main] INFO org.testcontainers.utility.ImageNameSubstitutor -- Image name substitution will be performed by: DefaultImageNameSubstitutor (composite of 'ConfigurationFileImageNameSubstitutor' and 'PrefixingImageNameSubstitutor')
2025-09-25T09:41:15.6830875Z 09:41:15.650 [main] INFO org.testcontainers.dockerclient.DockerClientProviderStrategy -- Found Docker environment with local Unix socket (unix:///var/run/docker.sock)
2025-09-25T09:41:15.6832698Z 09:41:15.657 [main] INFO org.testcontainers.DockerClientFactory -- Docker host IP address is localhost
2025-09-25T09:41:15.6833854Z 09:41:15.670 [main] INFO org.testcontainers.DockerClientFactory -- Connected to docker:
2025-09-25T09:41:15.6834328Z   Server Version: 28.0.4
2025-09-25T09:41:15.6834539Z   API Version: 1.48
2025-09-25T09:41:15.6834771Z   Operating System: Ubuntu 24.04.3 LTS
2025-09-25T09:41:15.6835018Z   Total Memory: 15995 MB
2025-09-25T09:41:15.7831687Z 09:41:15.688 [main] INFO tc.testcontainers/ryuk:0.5.1 -- Pulling docker image: testcontainers/ryuk:0.5.1. Please be patient; this may take some time but only needs to be done once.
2025-09-25T09:41:16.6847280Z 09:41:16.626 [docker-java-stream--1729979775] INFO tc.testcontainers/ryuk:0.5.1 -- Starting to pull image
2025-09-25T09:41:16.6848479Z 09:41:16.656 [docker-java-stream--1729979775] INFO tc.testcontainers/ryuk:0.5.1 -- Pulling image layers:  0 pending,  0 downloaded,  0 extracted, (0 bytes/0 bytes)
2025-09-25T09:41:17.1854921Z 09:41:17.178 [docker-java-stream--1729979775] INFO tc.testcontainers/ryuk:0.5.1 -- Pulling image layers:  2 pending,  1 downloaded,  0 extracted, (59 KB/? MB)
2025-09-25T09:41:17.2856435Z 09:41:17.246 [docker-java-stream--1729979775] INFO tc.testcontainers/ryuk:0.5.1 -- Pulling image layers:  1 pending,  2 downloaded,  0 extracted, (59 KB/? MB)
2025-09-25T09:41:17.2859869Z 09:41:17.248 [docker-java-stream--1729979775] INFO tc.testcontainers/ryuk:0.5.1 -- Pulling image layers:  0 pending,  3 downloaded,  0 extracted, (63 KB/5 MB)
2025-09-25T09:41:17.3857061Z 09:41:17.336 [docker-java-stream--1729979775] INFO tc.testcontainers/ryuk:0.5.1 -- Pulling image layers:  0 pending,  3 downloaded,  1 extracted, (2 MB/5 MB)
2025-09-25T09:41:17.4861035Z 09:41:17.448 [docker-java-stream--1729979775] INFO tc.testcontainers/ryuk:0.5.1 -- Pulling image layers:  0 pending,  3 downloaded,  2 extracted, (2 MB/5 MB)
2025-09-25T09:41:17.5863547Z 09:41:17.498 [docker-java-stream--1729979775] INFO tc.testcontainers/ryuk:0.5.1 -- Pulling image layers:  0 pending,  3 downloaded,  3 extracted, (5 MB/5 MB)
2025-09-25T09:41:17.5866351Z 09:41:17.507 [main] INFO tc.testcontainers/ryuk:0.5.1 -- Image testcontainers/ryuk:0.5.1 pull took PT1.818300712S
2025-09-25T09:41:17.5867819Z 09:41:17.539 [main] INFO tc.testcontainers/ryuk:0.5.1 -- Creating container for image: testcontainers/ryuk:0.5.1
2025-09-25T09:41:17.6862715Z 09:41:17.611 [main] INFO tc.testcontainers/ryuk:0.5.1 -- Container testcontainers/ryuk:0.5.1 is starting: b3e35e87b3fdc9baf8410996f71071b0e381abfef342b620a58068b12f34f298
2025-09-25T09:41:18.0880237Z 09:41:18.014 [main] INFO tc.testcontainers/ryuk:0.5.1 -- Container testcontainers/ryuk:0.5.1 started in PT0.474654125S
2025-09-25T09:41:18.0882457Z 09:41:18.022 [main] INFO org.testcontainers.utility.RyukResourceReaper -- Ryuk started - will monitor and terminate Testcontainers containers on JVM exit
2025-09-25T09:41:18.0884840Z 09:41:18.023 [main] INFO org.testcontainers.DockerClientFactory -- Checking the system...
2025-09-25T09:41:18.0886578Z 09:41:18.023 [main] INFO org.testcontainers.DockerClientFactory -- ✔︎ Docker server version should be at least 1.6.0
2025-09-25T09:41:18.0888285Z 09:41:18.025 [main] INFO tc.redis:latest -- Pulling docker image: redis:latest. Please be patient; this may take some time but only needs to be done once.
2025-09-25T09:41:18.8889562Z 09:41:18.841 [docker-java-stream-328759547] INFO tc.redis:latest -- Starting to pull image
2025-09-25T09:41:18.8890722Z 09:41:18.842 [docker-java-stream-328759547] INFO tc.redis:latest -- Pulling image layers:  0 pending,  0 downloaded,  0 extracted, (0 bytes/0 bytes)
2025-09-25T09:41:19.3895694Z 09:41:19.363 [docker-java-stream-328759547] INFO tc.redis:latest -- Pulling image layers:  6 pending,  1 downloaded,  0 extracted, (1 KB/? MB)
2025-09-25T09:41:19.3897016Z 09:41:19.373 [docker-java-stream-328759547] INFO tc.redis:latest -- Pulling image layers:  5 pending,  2 downloaded,  0 extracted, (1 KB/? MB)
2025-09-25T09:41:19.6899812Z 09:41:19.666 [docker-java-stream-328759547] INFO tc.redis:latest -- Pulling image layers:  4 pending,  3 downloaded,  0 extracted, (14 MB/? MB)
2025-09-25T09:41:19.7907333Z 09:41:19.715 [docker-java-stream-328759547] INFO tc.redis:latest -- Pulling image layers:  3 pending,  4 downloaded,  0 extracted, (24 MB/? MB)
2025-09-25T09:41:19.8902920Z 09:41:19.850 [docker-java-stream-328759547] INFO tc.redis:latest -- Pulling image layers:  2 pending,  5 downloaded,  0 extracted, (35 MB/? MB)
2025-09-25T09:41:19.9904914Z 09:41:19.983 [docker-java-stream-328759547] INFO tc.redis:latest -- Pulling image layers:  1 pending,  6 downloaded,  0 extracted, (35 MB/? MB)
2025-09-25T09:41:20.0905623Z 09:41:20.021 [docker-java-stream-328759547] INFO tc.redis:latest -- Pulling image layers:  0 pending,  7 downloaded,  0 extracted, (35 MB/49 MB)
2025-09-25T09:41:21.0918881Z 09:41:21.044 [docker-java-stream-328759547] INFO tc.redis:latest -- Pulling image layers:  0 pending,  7 downloaded,  1 extracted, (38 MB/49 MB)
2025-09-25T09:41:21.1920584Z 09:41:21.157 [docker-java-stream-328759547] INFO tc.redis:latest -- Pulling image layers:  0 pending,  7 downloaded,  2 extracted, (38 MB/49 MB)
2025-09-25T09:41:21.1922375Z 09:41:21.179 [docker-java-stream-328759547] INFO tc.redis:latest -- Pulling image layers:  0 pending,  7 downloaded,  3 extracted, (38 MB/49 MB)
2025-09-25T09:41:21.5925912Z 09:41:21.514 [docker-java-stream-328759547] INFO tc.redis:latest -- Pulling image layers:  0 pending,  7 downloaded,  4 extracted, (49 MB/49 MB)
2025-09-25T09:41:21.5927990Z 09:41:21.528 [docker-java-stream-328759547] INFO tc.redis:latest -- Pulling image layers:  0 pending,  7 downloaded,  5 extracted, (49 MB/49 MB)
2025-09-25T09:41:21.5929430Z 09:41:21.541 [docker-java-stream-328759547] INFO tc.redis:latest -- Pulling image layers:  0 pending,  7 downloaded,  6 extracted, (49 MB/49 MB)
2025-09-25T09:41:21.5931237Z 09:41:21.564 [docker-java-stream-328759547] INFO tc.redis:latest -- Pulling image layers:  0 pending,  7 downloaded,  7 extracted, (49 MB/49 MB)
2025-09-25T09:41:21.5932604Z 09:41:21.573 [main] INFO tc.redis:latest -- Image redis:latest pull took PT3.547177663S
2025-09-25T09:41:21.5934229Z 09:41:21.573 [docker-java-stream-328759547] INFO tc.redis:latest -- Pull complete. 7 layers, pulled in 2s (downloaded 49 MB at 24 MB/s)
2025-09-25T09:41:21.5935487Z 09:41:21.575 [main] INFO tc.redis:latest -- Creating container for image: redis:latest
2025-09-25T09:41:21.6926650Z 09:41:21.596 [main] INFO tc.redis:latest -- Container redis:latest is starting: fbe9f05f2ca7bf2dfca04d0cc1a9826ae6bdab80274fcf90fb0b1af2ce5fed5f
2025-09-25T09:41:21.8964330Z 09:41:21.799 [main] INFO tc.redis:latest -- Container redis:latest started in PT0.223400455S
2025-09-25T09:41:21.8968094Z 09:41:21.890 [main] INFO org.springframework.test.context.support.AnnotationConfigContextLoaderUtils -- Could not detect default configuration classes for test class [com.ai.qa.user.api.controller.UserControllerIntegrationTest]: UserControllerIntegrationTest does not declare any static, non-private, non-final, nested classes annotated with @Configuration.
2025-09-25T09:41:22.0937019Z 09:41:22.079 [main] INFO org.springframework.boot.test.context.SpringBootTestContextBootstrapper -- Found @SpringBootConfiguration com.ai.qa.user.UserServiceApplication for test class com.ai.qa.user.api.controller.UserControllerIntegrationTest
2025-09-25T09:41:22.6078140Z 2025-09-25T09:41:22.500Z  INFO 2243 --- [           main] c.a.n.client.env.SearchableProperties    : properties search order:PROPERTIES->JVM->ENV->DEFAULT_SETTING
2025-09-25T09:41:22.6093994Z 2025-09-25T09:41:22.501Z  WARN 2243 --- [           main] c.a.nacos.client.logging.NacosLogging    : Load Logback Configuration of Nacos fail, message: org/slf4j/impl/StaticLoggerBinder
2025-09-25T09:41:22.6094992Z
2025-09-25T09:41:22.6095173Z   .   ____          _            __ _ _
2025-09-25T09:41:22.6095589Z  /\\ / ___'_ __ _ _(_)_ __  __ _ \ \ \ \
2025-09-25T09:41:22.6096021Z ( ( )\___ | '_ | '_| | '_ \/ _` | \ \ \ \
2025-09-25T09:41:22.6096445Z  \\/  ___)| |_)| | | | | || (_| |  ) ) ) )
2025-09-25T09:41:22.6096865Z   '  |____| .__|_| |_|_| |_\__, | / / / /
2025-09-25T09:41:22.6097269Z  =========|_|==============|___/=/_/_/_/
2025-09-25T09:41:22.6097761Z  :: Spring Boot ::                (v3.1.5)
2025-09-25T09:41:22.6098039Z
2025-09-25T09:41:22.6099261Z 2025-09-25T09:41:22.538Z  WARN 2243 --- [           main] c.a.nacos.client.logging.NacosLogging    : Load Logback Configuration of Nacos fail, message: org/slf4j/impl/StaticLoggerBinder
2025-09-25T09:41:22.6102008Z 2025-09-25T09:41:22.551Z  INFO 2243 --- [           main] .a.q.u.a.c.UserControllerIntegrationTest : Starting UserControllerIntegrationTest using Java 17.0.16 with PID 2243 (started by runner in /home/runner/work/ai-qa-system/ai-qa-system/backend-services/user-service)
2025-09-25T09:41:22.6104468Z 2025-09-25T09:41:22.551Z  INFO 2243 --- [           main] .a.q.u.a.c.UserControllerIntegrationTest : The following 1 profile is active: "test"
2025-09-25T09:41:23.3095545Z 2025-09-25T09:41:23.301Z  INFO 2243 --- [           main] .s.d.r.c.RepositoryConfigurationDelegate : Bootstrapping Spring Data JPA repositories in DEFAULT mode.
2025-09-25T09:41:23.4090920Z 2025-09-25T09:41:23.354Z  INFO 2243 --- [           main] .s.d.r.c.RepositoryConfigurationDelegate : Finished Spring Data repository scanning in 46 ms. Found 1 JPA repository interfaces.
2025-09-25T09:41:23.6101835Z 2025-09-25T09:41:23.550Z  INFO 2243 --- [           main] o.s.cloud.context.scope.GenericScope     : BeanFactory id=23a416e6-732d-3a9f-9089-c4013f9a249d
2025-09-25T09:41:23.8137908Z 2025-09-25T09:41:23.727Z  INFO 2243 --- [           main] com.zaxxer.hikari.HikariDataSource       : HikariPool-1 - Starting...
2025-09-25T09:41:23.9119549Z 2025-09-25T09:41:23.850Z  INFO 2243 --- [           main] com.zaxxer.hikari.pool.HikariPool        : HikariPool-1 - Added connection conn0: url=jdbc:h2:mem:testdb user=SA
2025-09-25T09:41:23.9121796Z 2025-09-25T09:41:23.852Z  INFO 2243 --- [           main] com.zaxxer.hikari.HikariDataSource       : HikariPool-1 - Start completed.
2025-09-25T09:41:24.0132627Z 2025-09-25T09:41:23.935Z  INFO 2243 --- [           main] o.hibernate.jpa.internal.util.LogHelper  : HHH000204: Processing PersistenceUnitInfo [name: default]
2025-09-25T09:41:24.0134877Z 2025-09-25T09:41:23.968Z  INFO 2243 --- [           main] org.hibernate.Version                    : HHH000412: Hibernate ORM core version 6.2.13.Final
2025-09-25T09:41:24.0136459Z 2025-09-25T09:41:23.970Z  INFO 2243 --- [           main] org.hibernate.cfg.Environment            : HHH000406: Using bytecode reflection optimizer
2025-09-25T09:41:24.1135635Z 2025-09-25T09:41:24.100Z  INFO 2243 --- [           main] o.s.o.j.p.SpringPersistenceUnitInfo      : No LoadTimeWeaver setup: ignoring JPA class transformer
2025-09-25T09:41:24.2151403Z 2025-09-25T09:41:24.142Z  WARN 2243 --- [           main] org.hibernate.dialect.Dialect            : HHH000511: The 2.1.0 version for [org.hibernate.dialect.PostgreSQLDialect] is no longer supported, hence certain features may not work properly. The minimum supported version is 10.0.0. Check the community dialects project for available legacy versions.
2025-09-25T09:41:24.2157774Z 2025-09-25T09:41:24.146Z  WARN 2243 --- [           main] org.hibernate.orm.deprecation            : HHH90000025: PostgreSQLDialect does not need to be specified explicitly using 'hibernate.dialect' (remove the property setting and it will be selected by default)
2025-09-25T09:41:24.7161695Z 2025-09-25T09:41:24.689Z  INFO 2243 --- [           main] o.h.e.t.j.p.i.JtaPlatformInitiator       : HHH000489: No JTA platform available (set 'hibernate.transaction.jta.platform' to enable JTA platform integration)
2025-09-25T09:41:24.8166599Z 2025-09-25T09:41:24.741Z DEBUG 2243 --- [           main] org.hibernate.SQL                        : create sequence users_seq start with 1 increment by 1
2025-09-25T09:41:24.8169741Z Hibernate: create sequence users_seq start with 1 increment by 1
2025-09-25T09:41:24.8173842Z 2025-09-25T09:41:24.744Z  INFO 2243 --- [           main] j.LocalContainerEntityManagerFactoryBean : Initialized JPA EntityManagerFactory for persistence unit 'default'
2025-09-25T09:41:25.2181211Z 2025-09-25T09:41:25.164Z  WARN 2243 --- [           main] JpaBaseConfiguration$JpaWebConfiguration : spring.jpa.open-in-view is enabled by default. Therefore, database queries may be performed during view rendering. Explicitly configure spring.jpa.open-in-view to disable this warning
2025-09-25T09:41:25.3191210Z 2025-09-25T09:41:25.266Z  INFO 2243 --- [           main] o.s.s.web.DefaultSecurityFilterChain     : Will secure any request with [org.springframework.security.web.session.DisableEncodeUrlFilter@79de9f90, org.springframework.security.web.context.request.async.WebAsyncManagerIntegrationFilter@15db4dc, org.springframework.security.web.context.SecurityContextHolderFilter@72412c3d, org.springframework.security.web.header.HeaderWriterFilter@221383c9, org.springframework.web.filter.CorsFilter@2e7a6dcd, org.springframework.security.web.authentication.logout.LogoutFilter@2c6b36d7, com.ai.qa.user.infrastructure.filter.JwtRequestFilter@54bf2319, org.springframework.security.web.savedrequest.RequestCacheAwareFilter@4016d5fe, org.springframework.security.web.servletapi.SecurityContextHolderAwareRequestFilter@5d46f4a3, org.springframework.security.web.authentication.AnonymousAuthenticationFilter@762261fd, org.springframework.security.web.session.SessionManagementFilter@538c90bf, org.springframework.security.web.access.ExceptionTranslationFilter@124b1369, org.springframework.security.web.access.intercept.AuthorizationFilter@3343997b]
2025-09-25T09:41:25.8009470Z 2025-09-25T09:41:25.782Z  INFO 2243 --- [           main] .a.q.u.a.c.UserControllerIntegrationTest : Started UserControllerIntegrationTest in 3.599 seconds (process running for 13.035)
2025-09-25T09:41:25.8012959Z 2025-09-25T09:41:25.795Z ERROR 2243 --- [           main] o.s.test.context.TestContextManager      : Caught exception while allowing TestExecutionListener [org.springframework.test.context.support.DependencyInjectionTestExecutionListener] to prepare test instance [com.ai.qa.user.api.controller.UserControllerIntegrationTest@4f8186a5]
2025-09-25T09:41:25.8015195Z
2025-09-25T09:41:25.8018916Z org.springframework.beans.factory.UnsatisfiedDependencyException: Error creating bean with name 'com.ai.qa.user.api.controller.UserControllerIntegrationTest': Unsatisfied dependency expressed through field 'restTemplate': No qualifying bean of type 'org.springframework.boot.test.web.client.TestRestTemplate' available: expected at least 1 bean which qualifies as autowire candidate. Dependency annotations: {@org.springframework.beans.factory.annotation.Autowired(required=true)}
2025-09-25T09:41:25.8023592Z 	at org.springframework.beans.factory.annotation.AutowiredAnnotationBeanPostProcessor$AutowiredFieldElement.resolveFieldValue(AutowiredAnnotationBeanPostProcessor.java:767) ~[spring-beans-6.0.13.jar:6.0.13]
2025-09-25T09:41:25.8026482Z 	at org.springframework.beans.factory.annotation.AutowiredAnnotationBeanPostProcessor$AutowiredFieldElement.inject(AutowiredAnnotationBeanPostProcessor.java:747) ~[spring-beans-6.0.13.jar:6.0.13]
2025-09-25T09:41:25.8028788Z 	at org.springframework.beans.factory.annotation.InjectionMetadata.inject(InjectionMetadata.java:145) ~[spring-beans-6.0.13.jar:6.0.13]
2025-09-25T09:41:25.8031608Z 	at org.springframework.beans.factory.annotation.AutowiredAnnotationBeanPostProcessor.postProcessProperties(AutowiredAnnotationBeanPostProcessor.java:492) ~[spring-beans-6.0.13.jar:6.0.13]
2025-09-25T09:41:25.8037907Z 	at org.springframework.beans.factory.support.AbstractAutowireCapableBeanFactory.populateBean(AbstractAutowireCapableBeanFactory.java:1416) ~[spring-beans-6.0.13.jar:6.0.13]
2025-09-25T09:41:25.8040580Z 	at org.springframework.beans.factory.support.AbstractAutowireCapableBeanFactory.autowireBeanProperties(AbstractAutowireCapableBeanFactory.java:396) ~[spring-beans-6.0.13.jar:6.0.13]
2025-09-25T09:41:25.8044370Z 	at org.springframework.test.context.support.DependencyInjectionTestExecutionListener.injectDependencies(DependencyInjectionTestExecutionListener.java:142) ~[spring-test-6.0.13.jar:6.0.13]
2025-09-25T09:41:25.8054596Z 	at org.springframework.test.context.support.DependencyInjectionTestExecutionListener.prepareTestInstance(DependencyInjectionTestExecutionListener.java:97) ~[spring-test-6.0.13.jar:6.0.13]
2025-09-25T09:41:25.8076492Z 	at org.springframework.test.context.TestContextManager.prepareTestInstance(TestContextManager.java:241) ~[spring-test-6.0.13.jar:6.0.13]
2025-09-25T09:41:25.8078650Z 	at org.springframework.test.context.junit.jupiter.SpringExtension.postProcessTestInstance(SpringExtension.java:138) ~[spring-test-6.0.13.jar:6.0.13]
2025-09-25T09:41:25.8081029Z 	at org.junit.jupiter.engine.descriptor.ClassBasedTestDescriptor.lambda$invokeTestInstancePostProcessors$10(ClassBasedTestDescriptor.java:377) ~[junit-jupiter-engine-5.9.3.jar:5.9.3]
2025-09-25T09:41:25.8083708Z 	at org.junit.jupiter.engine.descriptor.ClassBasedTestDescriptor.executeAndMaskThrowable(ClassBasedTestDescriptor.java:382) ~[junit-jupiter-engine-5.9.3.jar:5.9.3]
2025-09-25T09:41:25.8086231Z 	at org.junit.jupiter.engine.descriptor.ClassBasedTestDescriptor.lambda$invokeTestInstancePostProcessors$11(ClassBasedTestDescriptor.java:377) ~[junit-jupiter-engine-5.9.3.jar:5.9.3]
2025-09-25T09:41:25.8088113Z 	at java.base/java.util.stream.ReferencePipeline$3$1.accept(ReferencePipeline.java:197) ~[na:na]
2025-09-25T09:41:25.8089302Z 	at java.base/java.util.stream.ReferencePipeline$2$1.accept(ReferencePipeline.java:179) ~[na:na]
2025-09-25T09:41:25.8090998Z 	at java.base/java.util.ArrayList$ArrayListSpliterator.forEachRemaining(ArrayList.java:1625) ~[na:na]
2025-09-25T09:41:25.8092166Z 	at java.base/java.util.stream.AbstractPipeline.copyInto(AbstractPipeline.java:509) ~[na:na]
2025-09-25T09:41:25.8093519Z 	at java.base/java.util.stream.AbstractPipeline.wrapAndCopyInto(AbstractPipeline.java:499) ~[na:na]
2025-09-25T09:41:25.8094949Z 	at java.base/java.util.stream.StreamSpliterators$WrappingSpliterator.forEachRemaining(StreamSpliterators.java:310) ~[na:na]
2025-09-25T09:41:25.8096600Z 	at java.base/java.util.stream.Streams$ConcatSpliterator.forEachRemaining(Streams.java:735) ~[na:na]
2025-09-25T09:41:25.8097840Z 	at java.base/java.util.stream.Streams$ConcatSpliterator.forEachRemaining(Streams.java:734) ~[na:na]
2025-09-25T09:41:25.8099072Z 	at java.base/java.util.stream.ReferencePipeline$Head.forEach(ReferencePipeline.java:762) ~[na:na]
2025-09-25T09:41:25.8101351Z 	at org.junit.jupiter.engine.descriptor.ClassBasedTestDescriptor.invokeTestInstancePostProcessors(ClassBasedTestDescriptor.java:376) ~[junit-jupiter-engine-5.9.3.jar:5.9.3]
2025-09-25T09:41:25.8104791Z 	at org.junit.jupiter.engine.descriptor.ClassBasedTestDescriptor.lambda$instantiateAndPostProcessTestInstance$6(ClassBasedTestDescriptor.java:289) ~[junit-jupiter-engine-5.9.3.jar:5.9.3]
2025-09-25T09:41:25.8107155Z 	at org.junit.platform.engine.support.hierarchical.ThrowableCollector.execute(ThrowableCollector.java:73) ~[junit-platform-engine-1.9.3.jar:1.9.3]
2025-09-25T09:41:25.8109568Z 	at org.junit.jupiter.engine.descriptor.ClassBasedTestDescriptor.instantiateAndPostProcessTestInstance(ClassBasedTestDescriptor.java:288) ~[junit-jupiter-engine-5.9.3.jar:5.9.3]
2025-09-25T09:41:25.8112270Z 	at org.junit.jupiter.engine.descriptor.ClassBasedTestDescriptor.lambda$testInstancesProvider$4(ClassBasedTestDescriptor.java:278) ~[junit-jupiter-engine-5.9.3.jar:5.9.3]
2025-09-25T09:41:25.8114786Z 	at java.base/java.util.Optional.orElseGet(Optional.java:364) ~[na:na]
2025-09-25T09:41:25.8116510Z 	at org.junit.jupiter.engine.descriptor.ClassBasedTestDescriptor.lambda$testInstancesProvider$5(ClassBasedTestDescriptor.java:277) ~[junit-jupiter-engine-5.9.3.jar:5.9.3]
2025-09-25T09:41:25.8118613Z 	at org.junit.jupiter.engine.execution.TestInstancesProvider.getTestInstances(TestInstancesProvider.java:31) ~[junit-jupiter-engine-5.9.3.jar:5.9.3]
2025-09-25T09:41:25.8120619Z 	at org.junit.jupiter.engine.descriptor.TestMethodTestDescriptor.lambda$prepare$0(TestMethodTestDescriptor.java:105) ~[junit-jupiter-engine-5.9.3.jar:5.9.3]
2025-09-25T09:41:25.8122628Z 	at org.junit.platform.engine.support.hierarchical.ThrowableCollector.execute(ThrowableCollector.java:73) ~[junit-platform-engine-1.9.3.jar:1.9.3]
2025-09-25T09:41:25.8124698Z 	at org.junit.jupiter.engine.descriptor.TestMethodTestDescriptor.prepare(TestMethodTestDescriptor.java:104) ~[junit-jupiter-engine-5.9.3.jar:5.9.3]
2025-09-25T09:41:25.8126861Z 	at org.junit.jupiter.engine.descriptor.TestMethodTestDescriptor.prepare(TestMethodTestDescriptor.java:68) ~[junit-jupiter-engine-5.9.3.jar:5.9.3]
2025-09-25T09:41:25.8128867Z 	at org.junit.platform.engine.support.hierarchical.NodeTestTask.lambda$prepare$2(NodeTestTask.java:123) ~[junit-platform-engine-1.9.3.jar:1.9.3]
2025-09-25T09:41:25.8130871Z 	at org.junit.platform.engine.support.hierarchical.ThrowableCollector.execute(ThrowableCollector.java:73) ~[junit-platform-engine-1.9.3.jar:1.9.3]
2025-09-25T09:41:25.8132810Z 	at org.junit.platform.engine.support.hierarchical.NodeTestTask.prepare(NodeTestTask.java:123) ~[junit-platform-engine-1.9.3.jar:1.9.3]
2025-09-25T09:41:25.8134827Z 	at org.junit.platform.engine.support.hierarchical.NodeTestTask.execute(NodeTestTask.java:90) ~[junit-platform-engine-1.9.3.jar:1.9.3]
2025-09-25T09:41:25.8136120Z 	at java.base/java.util.ArrayList.forEach(ArrayList.java:1511) ~[na:na]
2025-09-25T09:41:25.8138070Z 	at org.junit.platform.engine.support.hierarchical.SameThreadHierarchicalTestExecutorService.invokeAll(SameThreadHierarchicalTestExecutorService.java:41) ~[junit-platform-engine-1.9.3.jar:1.9.3]
2025-09-25T09:41:25.8140571Z 	at org.junit.platform.engine.support.hierarchical.NodeTestTask.lambda$executeRecursively$6(NodeTestTask.java:155) ~[junit-platform-engine-1.9.3.jar:1.9.3]
2025-09-25T09:41:25.8142664Z 	at org.junit.platform.engine.support.hierarchical.ThrowableCollector.execute(ThrowableCollector.java:73) ~[junit-platform-engine-1.9.3.jar:1.9.3]
2025-09-25T09:41:25.8144999Z 	at org.junit.platform.engine.support.hierarchical.NodeTestTask.lambda$executeRecursively$8(NodeTestTask.java:141) ~[junit-platform-engine-1.9.3.jar:1.9.3]
2025-09-25T09:41:25.8146831Z 	at org.junit.platform.engine.support.hierarchical.Node.around(Node.java:137) ~[junit-platform-engine-1.9.3.jar:1.9.3]
2025-09-25T09:41:25.8149274Z 	at org.junit.platform.engine.support.hierarchical.NodeTestTask.lambda$executeRecursively$9(NodeTestTask.java:139) ~[junit-platform-engine-1.9.3.jar:1.9.3]
2025-09-25T09:41:25.8152030Z 	at org.junit.platform.engine.support.hierarchical.ThrowableCollector.execute(ThrowableCollector.java:73) ~[junit-platform-engine-1.9.3.jar:1.9.3]
2025-09-25T09:41:25.8154695Z 	at org.junit.platform.engine.support.hierarchical.NodeTestTask.executeRecursively(NodeTestTask.java:138) ~[junit-platform-engine-1.9.3.jar:1.9.3]
2025-09-25T09:41:25.8156829Z 	at org.junit.platform.engine.support.hierarchical.NodeTestTask.execute(NodeTestTask.java:95) ~[junit-platform-engine-1.9.3.jar:1.9.3]
2025-09-25T09:41:25.8158199Z 	at java.base/java.util.ArrayList.forEach(ArrayList.java:1511) ~[na:na]
2025-09-25T09:41:25.8160397Z 	at org.junit.platform.engine.support.hierarchical.SameThreadHierarchicalTestExecutorService.invokeAll(SameThreadHierarchicalTestExecutorService.java:41) ~[junit-platform-engine-1.9.3.jar:1.9.3]
2025-09-25T09:41:25.8163415Z 	at org.junit.platform.engine.support.hierarchical.NodeTestTask.lambda$executeRecursively$6(NodeTestTask.java:155) ~[junit-platform-engine-1.9.3.jar:1.9.3]
2025-09-25T09:41:25.8165976Z 	at org.junit.platform.engine.support.hierarchical.ThrowableCollector.execute(ThrowableCollector.java:73) ~[junit-platform-engine-1.9.3.jar:1.9.3]
2025-09-25T09:41:25.8168054Z 	at org.junit.platform.engine.support.hierarchical.NodeTestTask.lambda$executeRecursively$8(NodeTestTask.java:141) ~[junit-platform-engine-1.9.3.jar:1.9.3]
2025-09-25T09:41:25.8169910Z 	at org.junit.platform.engine.support.hierarchical.Node.around(Node.java:137) ~[junit-platform-engine-1.9.3.jar:1.9.3]
2025-09-25T09:41:25.8171810Z 	at org.junit.platform.engine.support.hierarchical.NodeTestTask.lambda$executeRecursively$9(NodeTestTask.java:139) ~[junit-platform-engine-1.9.3.jar:1.9.3]
2025-09-25T09:41:25.8174113Z 	at org.junit.platform.engine.support.hierarchical.ThrowableCollector.execute(ThrowableCollector.java:73) ~[junit-platform-engine-1.9.3.jar:1.9.3]
2025-09-25T09:41:25.8176260Z 	at org.junit.platform.engine.support.hierarchical.NodeTestTask.executeRecursively(NodeTestTask.java:138) ~[junit-platform-engine-1.9.3.jar:1.9.3]
2025-09-25T09:41:25.8178320Z 	at org.junit.platform.engine.support.hierarchical.NodeTestTask.execute(NodeTestTask.java:95) ~[junit-platform-engine-1.9.3.jar:1.9.3]
2025-09-25T09:41:25.8180821Z 	at org.junit.platform.engine.support.hierarchical.SameThreadHierarchicalTestExecutorService.submit(SameThreadHierarchicalTestExecutorService.java:35) ~[junit-platform-engine-1.9.3.jar:1.9.3]
2025-09-25T09:41:25.8183697Z 	at org.junit.platform.engine.support.hierarchical.HierarchicalTestExecutor.execute(HierarchicalTestExecutor.java:57) ~[junit-platform-engine-1.9.3.jar:1.9.3]
2025-09-25T09:41:25.8185998Z 	at org.junit.platform.engine.support.hierarchical.HierarchicalTestEngine.execute(HierarchicalTestEngine.java:54) ~[junit-platform-engine-1.9.3.jar:1.9.3]
2025-09-25T09:41:25.8189086Z 	at org.junit.platform.launcher.core.EngineExecutionOrchestrator.execute(EngineExecutionOrchestrator.java:147) ~[junit-platform-launcher-1.9.3.jar:1.9.3]
2025-09-25T09:41:25.8191356Z 	at org.junit.platform.launcher.core.EngineExecutionOrchestrator.execute(EngineExecutionOrchestrator.java:127) ~[junit-platform-launcher-1.9.3.jar:1.9.3]
2025-09-25T09:41:25.8193657Z 	at org.junit.platform.launcher.core.EngineExecutionOrchestrator.execute(EngineExecutionOrchestrator.java:90) ~[junit-platform-launcher-1.9.3.jar:1.9.3]
2025-09-25T09:41:25.8195856Z 	at org.junit.platform.launcher.core.EngineExecutionOrchestrator.lambda$execute$0(EngineExecutionOrchestrator.java:55) ~[junit-platform-launcher-1.9.3.jar:1.9.3]
2025-09-25T09:41:25.8198217Z 	at org.junit.platform.launcher.core.EngineExecutionOrchestrator.withInterceptedStreams(EngineExecutionOrchestrator.java:102) ~[junit-platform-launcher-1.9.3.jar:1.9.3]
2025-09-25T09:41:25.8200472Z 	at org.junit.platform.launcher.core.EngineExecutionOrchestrator.execute(EngineExecutionOrchestrator.java:54) ~[junit-platform-launcher-1.9.3.jar:1.9.3]
2025-09-25T09:41:25.8202407Z 	at org.junit.platform.launcher.core.DefaultLauncher.execute(DefaultLauncher.java:114) ~[junit-platform-launcher-1.9.3.jar:1.9.3]
2025-09-25T09:41:25.8204127Z 	at org.junit.platform.launcher.core.DefaultLauncher.execute(DefaultLauncher.java:86) ~[junit-platform-launcher-1.9.3.jar:1.9.3]
2025-09-25T09:41:25.8205896Z 	at org.junit.platform.launcher.core.DefaultLauncherSession$DelegatingLauncher.execute(DefaultLauncherSession.java:86) ~[junit-platform-launcher-1.9.3.jar:1.9.3]
2025-09-25T09:41:25.8207562Z 	at org.apache.maven.surefire.junitplatform.LazyLauncher.execute(LazyLauncher.java:50) ~[surefire-junit-platform-3.0.0.jar:3.0.0]
2025-09-25T09:41:25.8209503Z 	at org.apache.maven.surefire.junitplatform.JUnitPlatformProvider.execute(JUnitPlatformProvider.java:184) ~[surefire-junit-platform-3.0.0.jar:3.0.0]
2025-09-25T09:41:25.8211874Z 	at org.apache.maven.surefire.junitplatform.JUnitPlatformProvider.invokeAllTests(JUnitPlatformProvider.java:148) ~[surefire-junit-platform-3.0.0.jar:3.0.0]
2025-09-25T09:41:25.8214208Z 	at org.apache.maven.surefire.junitplatform.JUnitPlatformProvider.invoke(JUnitPlatformProvider.java:122) ~[surefire-junit-platform-3.0.0.jar:3.0.0]
2025-09-25T09:41:25.8216461Z 	at org.apache.maven.surefire.booter.ForkedBooter.runSuitesInProcess(ForkedBooter.java:385) ~[surefire-booter-3.0.0.jar:3.0.0]
2025-09-25T09:41:25.8218097Z 	at org.apache.maven.surefire.booter.ForkedBooter.execute(ForkedBooter.java:162) ~[surefire-booter-3.0.0.jar:3.0.0]
2025-09-25T09:41:25.8219572Z 	at org.apache.maven.surefire.booter.ForkedBooter.run(ForkedBooter.java:507) ~[surefire-booter-3.0.0.jar:3.0.0]
2025-09-25T09:41:25.8221017Z 	at org.apache.maven.surefire.booter.ForkedBooter.main(ForkedBooter.java:495) ~[surefire-booter-3.0.0.jar:3.0.0]
2025-09-25T09:41:25.8224622Z Caused by: org.springframework.beans.factory.NoSuchBeanDefinitionException: No qualifying bean of type 'org.springframework.boot.test.web.client.TestRestTemplate' available: expected at least 1 bean which qualifies as autowire candidate. Dependency annotations: {@org.springframework.beans.factory.annotation.Autowired(required=true)}
2025-09-25T09:41:25.8228200Z 	at org.springframework.beans.factory.support.DefaultListableBeanFactory.raiseNoMatchingBeanFound(DefaultListableBeanFactory.java:1824) ~[spring-beans-6.0.13.jar:6.0.13]
2025-09-25T09:41:25.8230796Z 	at org.springframework.beans.factory.support.DefaultListableBeanFactory.doResolveDependency(DefaultListableBeanFactory.java:1383) ~[spring-beans-6.0.13.jar:6.0.13]
2025-09-25T09:41:25.8233544Z 	at org.springframework.beans.factory.support.DefaultListableBeanFactory.resolveDependency(DefaultListableBeanFactory.java:1337) ~[spring-beans-6.0.13.jar:6.0.13]
2025-09-25T09:41:25.8236447Z 	at org.springframework.beans.factory.annotation.AutowiredAnnotationBeanPostProcessor$AutowiredFieldElement.resolveFieldValue(AutowiredAnnotationBeanPostProcessor.java:764) ~[spring-beans-6.0.13.jar:6.0.13]
2025-09-25T09:41:25.8238164Z 	... 77 common frames omitted
2025-09-25T09:41:25.8238420Z
2025-09-25T09:41:25.9663281Z [ERROR] Tests run: 1, Failures: 0, Errors: 1, Skipped: 0, Time elapsed: 11.269 s <<< FAILURE! - in com.ai.qa.user.api.controller.UserControllerIntegrationTest
2025-09-25T09:41:25.9665166Z [ERROR] com.ai.qa.user.api.controller.UserControllerIntegrationTest.testLogin  Time elapsed: 0.001 s  <<< ERROR!
2025-09-25T09:41:25.9669924Z org.springframework.beans.factory.UnsatisfiedDependencyException: Error creating bean with name 'com.ai.qa.user.api.controller.UserControllerIntegrationTest': Unsatisfied dependency expressed through field 'restTemplate': No qualifying bean of type 'org.springframework.boot.test.web.client.TestRestTemplate' available: expected at least 1 bean which qualifies as autowire candidate. Dependency annotations: {@org.springframework.beans.factory.annotation.Autowired(required=true)}
2025-09-25T09:41:25.9694890Z 	at org.springframework.beans.factory.annotation.AutowiredAnnotationBeanPostProcessor$AutowiredFieldElement.resolveFieldValue(AutowiredAnnotationBeanPostProcessor.java:767)
2025-09-25T09:41:25.9732215Z 	at org.springframework.beans.factory.annotation.AutowiredAnnotationBeanPostProcessor$AutowiredFieldElement.inject(AutowiredAnnotationBeanPostProcessor.java:747)
2025-09-25T09:41:25.9734846Z 	at org.springframework.beans.factory.annotation.InjectionMetadata.inject(InjectionMetadata.java:145)
2025-09-25T09:41:25.9736883Z 	at org.springframework.beans.factory.annotation.AutowiredAnnotationBeanPostProcessor.postProcessProperties(AutowiredAnnotationBeanPostProcessor.java:492)
2025-09-25T09:41:25.9739256Z 	at org.springframework.beans.factory.support.AbstractAutowireCapableBeanFactory.populateBean(AbstractAutowireCapableBeanFactory.java:1416)
2025-09-25T09:41:25.9741549Z 	at org.springframework.beans.factory.support.AbstractAutowireCapableBeanFactory.autowireBeanProperties(AbstractAutowireCapableBeanFactory.java:396)
2025-09-25T09:41:25.9744229Z 	at org.springframework.test.context.support.DependencyInjectionTestExecutionListener.injectDependencies(DependencyInjectionTestExecutionListener.java:142)
2025-09-25T09:41:25.9747155Z 	at org.springframework.test.context.support.DependencyInjectionTestExecutionListener.prepareTestInstance(DependencyInjectionTestExecutionListener.java:97)
2025-09-25T09:41:25.9749467Z 	at org.springframework.test.context.TestContextManager.prepareTestInstance(TestContextManager.java:241)
2025-09-25T09:41:25.9751151Z 	at org.springframework.test.context.junit.jupiter.SpringExtension.postProcessTestInstance(SpringExtension.java:138)
2025-09-25T09:41:25.9753479Z 	at org.junit.jupiter.engine.descriptor.ClassBasedTestDescriptor.lambda$invokeTestInstancePostProcessors$10(ClassBasedTestDescriptor.java:377)
2025-09-25T09:41:25.9755474Z 	at org.junit.jupiter.engine.descriptor.ClassBasedTestDescriptor.executeAndMaskThrowable(ClassBasedTestDescriptor.java:382)
2025-09-25T09:41:25.9757480Z 	at org.junit.jupiter.engine.descriptor.ClassBasedTestDescriptor.lambda$invokeTestInstancePostProcessors$11(ClassBasedTestDescriptor.java:377)
2025-09-25T09:41:25.9759111Z 	at java.base/java.util.stream.ReferencePipeline$3$1.accept(ReferencePipeline.java:197)
2025-09-25T09:41:25.9760503Z 	at java.base/java.util.stream.ReferencePipeline$2$1.accept(ReferencePipeline.java:179)
2025-09-25T09:41:25.9761645Z 	at java.base/java.util.ArrayList$ArrayListSpliterator.forEachRemaining(ArrayList.java:1625)
2025-09-25T09:41:25.9762819Z 	at java.base/java.util.stream.AbstractPipeline.copyInto(AbstractPipeline.java:509)
2025-09-25T09:41:25.9764164Z 	at java.base/java.util.stream.AbstractPipeline.wrapAndCopyInto(AbstractPipeline.java:499)
2025-09-25T09:41:25.9765695Z 	at java.base/java.util.stream.StreamSpliterators$WrappingSpliterator.forEachRemaining(StreamSpliterators.java:310)
2025-09-25T09:41:25.9768494Z 	at java.base/java.util.stream.Streams$ConcatSpliterator.forEachRemaining(Streams.java:735)
2025-09-25T09:41:25.9769683Z 	at java.base/java.util.stream.Streams$ConcatSpliterator.forEachRemaining(Streams.java:734)
2025-09-25T09:41:25.9770797Z 	at java.base/java.util.stream.ReferencePipeline$Head.forEach(ReferencePipeline.java:762)
2025-09-25T09:41:25.9772590Z 	at org.junit.jupiter.engine.descriptor.ClassBasedTestDescriptor.invokeTestInstancePostProcessors(ClassBasedTestDescriptor.java:376)
2025-09-25T09:41:25.9774962Z 	at org.junit.jupiter.engine.descriptor.ClassBasedTestDescriptor.lambda$instantiateAndPostProcessTestInstance$6(ClassBasedTestDescriptor.java:289)
2025-09-25T09:41:25.9776776Z 	at org.junit.platform.engine.support.hierarchical.ThrowableCollector.execute(ThrowableCollector.java:73)
2025-09-25T09:41:25.9778640Z 	at org.junit.jupiter.engine.descriptor.ClassBasedTestDescriptor.instantiateAndPostProcessTestInstance(ClassBasedTestDescriptor.java:288)
2025-09-25T09:41:25.9780757Z 	at org.junit.jupiter.engine.descriptor.ClassBasedTestDescriptor.lambda$testInstancesProvider$4(ClassBasedTestDescriptor.java:278)
2025-09-25T09:41:25.9782075Z 	at java.base/java.util.Optional.orElseGet(Optional.java:364)
2025-09-25T09:41:25.9783529Z 	at org.junit.jupiter.engine.descriptor.ClassBasedTestDescriptor.lambda$testInstancesProvider$5(ClassBasedTestDescriptor.java:277)
2025-09-25T09:41:25.9785248Z 	at org.junit.jupiter.engine.execution.TestInstancesProvider.getTestInstances(TestInstancesProvider.java:31)
2025-09-25T09:41:25.9786874Z 	at org.junit.jupiter.engine.descriptor.TestMethodTestDescriptor.lambda$prepare$0(TestMethodTestDescriptor.java:105)
2025-09-25T09:41:25.9788419Z 	at org.junit.platform.engine.support.hierarchical.ThrowableCollector.execute(ThrowableCollector.java:73)
2025-09-25T09:41:25.9789911Z 	at org.junit.jupiter.engine.descriptor.TestMethodTestDescriptor.prepare(TestMethodTestDescriptor.java:104)
2025-09-25T09:41:25.9791414Z 	at org.junit.jupiter.engine.descriptor.TestMethodTestDescriptor.prepare(TestMethodTestDescriptor.java:68)
2025-09-25T09:41:25.9792911Z 	at org.junit.platform.engine.support.hierarchical.NodeTestTask.lambda$prepare$2(NodeTestTask.java:123)
2025-09-25T09:41:25.9795495Z 	at org.junit.platform.engine.support.hierarchical.ThrowableCollector.execute(ThrowableCollector.java:73)
2025-09-25T09:41:25.9796925Z 	at org.junit.platform.engine.support.hierarchical.NodeTestTask.prepare(NodeTestTask.java:123)
2025-09-25T09:41:25.9798982Z 	at org.junit.platform.engine.support.hierarchical.NodeTestTask.execute(NodeTestTask.java:90)
2025-09-25T09:41:25.9800147Z 	at java.base/java.util.ArrayList.forEach(ArrayList.java:1511)
2025-09-25T09:41:25.9801788Z 	at org.junit.platform.engine.support.hierarchical.SameThreadHierarchicalTestExecutorService.invokeAll(SameThreadHierarchicalTestExecutorService.java:41)
2025-09-25T09:41:25.9803925Z 	at org.junit.platform.engine.support.hierarchical.NodeTestTask.lambda$executeRecursively$6(NodeTestTask.java:155)
2025-09-25T09:41:25.9805431Z 	at org.junit.platform.engine.support.hierarchical.ThrowableCollector.execute(ThrowableCollector.java:73)
2025-09-25T09:41:25.9806935Z 	at org.junit.platform.engine.support.hierarchical.NodeTestTask.lambda$executeRecursively$8(NodeTestTask.java:141)
2025-09-25T09:41:25.9808190Z 	at org.junit.platform.engine.support.hierarchical.Node.around(Node.java:137)
2025-09-25T09:41:25.9809507Z 	at org.junit.platform.engine.support.hierarchical.NodeTestTask.lambda$executeRecursively$9(NodeTestTask.java:139)
2025-09-25T09:41:25.9811046Z 	at org.junit.platform.engine.support.hierarchical.ThrowableCollector.execute(ThrowableCollector.java:73)
2025-09-25T09:41:25.9812527Z 	at org.junit.platform.engine.support.hierarchical.NodeTestTask.executeRecursively(NodeTestTask.java:138)
2025-09-25T09:41:25.9814571Z 	at org.junit.platform.engine.support.hierarchical.NodeTestTask.execute(NodeTestTask.java:95)
2025-09-25T09:41:25.9815598Z 	at java.base/java.util.ArrayList.forEach(ArrayList.java:1511)
2025-09-25T09:41:25.9817223Z 	at org.junit.platform.engine.support.hierarchical.SameThreadHierarchicalTestExecutorService.invokeAll(SameThreadHierarchicalTestExecutorService.java:41)
2025-09-25T09:41:25.9819458Z 	at org.junit.platform.engine.support.hierarchical.NodeTestTask.lambda$executeRecursively$6(NodeTestTask.java:155)
2025-09-25T09:41:25.9820960Z 	at org.junit.platform.engine.support.hierarchical.ThrowableCollector.execute(ThrowableCollector.java:73)
2025-09-25T09:41:25.9822482Z 	at org.junit.platform.engine.support.hierarchical.NodeTestTask.lambda$executeRecursively$8(NodeTestTask.java:141)
2025-09-25T09:41:25.9827139Z 	at org.junit.platform.engine.support.hierarchical.Node.around(Node.java:137)
2025-09-25T09:41:25.9828399Z 	at org.junit.platform.engine.support.hierarchical.NodeTestTask.lambda$executeRecursively$9(NodeTestTask.java:139)
2025-09-25T09:41:25.9834040Z 	at org.junit.platform.engine.support.hierarchical.ThrowableCollector.execute(ThrowableCollector.java:73)
2025-09-25T09:41:25.9836795Z 	at org.junit.platform.engine.support.hierarchical.NodeTestTask.executeRecursively(NodeTestTask.java:138)
2025-09-25T09:41:25.9838237Z 	at org.junit.platform.engine.support.hierarchical.NodeTestTask.execute(NodeTestTask.java:95)
2025-09-25T09:41:25.9840099Z 	at org.junit.platform.engine.support.hierarchical.SameThreadHierarchicalTestExecutorService.submit(SameThreadHierarchicalTestExecutorService.java:35)
2025-09-25T09:41:25.9842153Z 	at org.junit.platform.engine.support.hierarchical.HierarchicalTestExecutor.execute(HierarchicalTestExecutor.java:57)
2025-09-25T09:41:25.9844260Z 	at org.junit.platform.engine.support.hierarchical.HierarchicalTestEngine.execute(HierarchicalTestEngine.java:54)
2025-09-25T09:41:25.9846158Z 	at org.junit.platform.launcher.core.EngineExecutionOrchestrator.execute(EngineExecutionOrchestrator.java:147)
2025-09-25T09:41:25.9847815Z 	at org.junit.platform.launcher.core.EngineExecutionOrchestrator.execute(EngineExecutionOrchestrator.java:127)
2025-09-25T09:41:25.9849513Z 	at org.junit.platform.launcher.core.EngineExecutionOrchestrator.execute(EngineExecutionOrchestrator.java:90)
2025-09-25T09:41:25.9851118Z 	at org.junit.platform.launcher.core.EngineExecutionOrchestrator.lambda$execute$0(EngineExecutionOrchestrator.java:55)
2025-09-25T09:41:25.9852887Z 	at org.junit.platform.launcher.core.EngineExecutionOrchestrator.withInterceptedStreams(EngineExecutionOrchestrator.java:102)
2025-09-25T09:41:25.9855400Z 	at org.junit.platform.launcher.core.EngineExecutionOrchestrator.execute(EngineExecutionOrchestrator.java:54)
2025-09-25T09:41:25.9856920Z 	at org.junit.platform.launcher.core.DefaultLauncher.execute(DefaultLauncher.java:114)
2025-09-25T09:41:25.9858019Z 	at org.junit.platform.launcher.core.DefaultLauncher.execute(DefaultLauncher.java:86)
2025-09-25T09:41:25.9859362Z 	at org.junit.platform.launcher.core.DefaultLauncherSession$DelegatingLauncher.execute(DefaultLauncherSession.java:86)
2025-09-25T09:41:25.9860715Z 	at org.apache.maven.surefire.junitplatform.LazyLauncher.execute(LazyLauncher.java:50)
2025-09-25T09:41:25.9863885Z 	at org.apache.maven.surefire.junitplatform.JUnitPlatformProvider.execute(JUnitPlatformProvider.java:184)
2025-09-25T09:41:25.9865484Z 	at org.apache.maven.surefire.junitplatform.JUnitPlatformProvider.invokeAllTests(JUnitPlatformProvider.java:148)
2025-09-25T09:41:25.9867032Z 	at org.apache.maven.surefire.junitplatform.JUnitPlatformProvider.invoke(JUnitPlatformProvider.java:122)
2025-09-25T09:41:25.9868411Z 	at org.apache.maven.surefire.booter.ForkedBooter.runSuitesInProcess(ForkedBooter.java:385)
2025-09-25T09:41:25.9869593Z 	at org.apache.maven.surefire.booter.ForkedBooter.execute(ForkedBooter.java:162)
2025-09-25T09:41:25.9870602Z 	at org.apache.maven.surefire.booter.ForkedBooter.run(ForkedBooter.java:507)
2025-09-25T09:41:25.9871599Z 	at org.apache.maven.surefire.booter.ForkedBooter.main(ForkedBooter.java:495)
2025-09-25T09:41:25.9875280Z Caused by: org.springframework.beans.factory.NoSuchBeanDefinitionException: No qualifying bean of type 'org.springframework.boot.test.web.client.TestRestTemplate' available: expected at least 1 bean which qualifies as autowire candidate. Dependency annotations: {@org.springframework.beans.factory.annotation.Autowired(required=true)}
2025-09-25T09:41:25.9878719Z 	at org.springframework.beans.factory.support.DefaultListableBeanFactory.raiseNoMatchingBeanFound(DefaultListableBeanFactory.java:1824)
2025-09-25T09:41:25.9880780Z 	at org.springframework.beans.factory.support.DefaultListableBeanFactory.doResolveDependency(DefaultListableBeanFactory.java:1383)
2025-09-25T09:41:25.9882750Z 	at org.springframework.beans.factory.support.DefaultListableBeanFactory.resolveDependency(DefaultListableBeanFactory.java:1337)
2025-09-25T09:41:25.9885209Z 	at org.springframework.beans.factory.annotation.AutowiredAnnotationBeanPostProcessor$AutowiredFieldElement.resolveFieldValue(AutowiredAnnotationBeanPostProcessor.java:764)
2025-09-25T09:41:25.9886603Z 	... 77 more
2025-09-25T09:41:25.9886776Z
2025-09-25T09:41:26.0295275Z [INFO]
2025-09-25T09:41:26.0295699Z [INFO] Results:
2025-09-25T09:41:26.0296025Z [INFO]
2025-09-25T09:41:26.0296294Z [ERROR] Errors:
2025-09-25T09:41:26.0301023Z [ERROR]   UserControllerIntegrationTest.testLogin » UnsatisfiedDependency Error creating bean with name 'com.ai.qa.user.api.controller.UserControllerIntegrationTest': Unsatisfied dependency expressed through field 'restTemplate': No qualifying bean of type 'org.springframework.boot.test.web.client.TestRestTemplate' available: expected at least 1 bean which qualifies as autowire candidate. Dependency annotations: {@org.springframework.beans.factory.annotation.Autowired(required=true)}
2025-09-25T09:41:26.0304155Z [INFO]
2025-09-25T09:41:26.0304688Z [ERROR] Tests run: 3, Failures: 0, Errors: 1, Skipped: 0
2025-09-25T09:41:26.0305175Z [INFO]
2025-09-25T09:41:26.0322021Z [INFO] ------------------------------------------------------------------------
2025-09-25T09:41:26.0322785Z [INFO] Reactor Summary for ai-qa-backend 1.0-SNAPSHOT:
2025-09-25T09:41:26.0323567Z [INFO]
2025-09-25T09:41:26.0326717Z [INFO] ai-qa-backend ...................................... SUCCESS [  0.374 s]
2025-09-25T09:41:26.0327661Z [INFO] user-service ....................................... FAILURE [ 25.905 s]
2025-09-25T09:41:26.0328488Z [INFO] qa-service ......................................... SKIPPED
2025-09-25T09:41:26.0329218Z [INFO] api-gateway ........................................ SKIPPED
2025-09-25T09:41:26.0330381Z [INFO] ------------------------------------------------------------------------
2025-09-25T09:41:26.0331243Z [INFO] BUILD FAILURE
2025-09-25T09:41:26.0331893Z [INFO] ------------------------------------------------------------------------
2025-09-25T09:41:26.0332498Z [INFO] Total time:  30.970 s
2025-09-25T09:41:26.0335261Z [INFO] Finished at: 2025-09-25T09:41:26Z
2025-09-25T09:41:26.0344076Z [INFO] ------------------------------------------------------------------------
2025-09-25T09:41:26.0345568Z [ERROR] Failed to execute goal org.apache.maven.plugins:maven-surefire-plugin:3.0.0:test (default-test) on project user-service:
2025-09-25T09:41:26.0346565Z [ERROR]
2025-09-25T09:41:26.0347890Z [ERROR] Please refer to /home/runner/work/ai-qa-system/ai-qa-system/backend-services/user-service/target/surefire-reports for the individual test results.
2025-09-25T09:41:26.0349530Z [ERROR] Please refer to dump files (if any exist) [date].dump, [date]-jvmRun[N].dump and [date].dumpstream.
2025-09-25T09:41:26.0350301Z [ERROR] -> [Help 1]
2025-09-25T09:41:26.0350648Z [ERROR]
2025-09-25T09:41:26.0351279Z [ERROR] To see the full stack trace of the errors, re-run Maven with the -e switch.
2025-09-25T09:41:26.0352195Z [ERROR] Re-run Maven using the -X switch to enable full debug logging.
2025-09-25T09:41:26.0352799Z [ERROR]
2025-09-25T09:41:26.0353896Z [ERROR] For more information about the errors and possible solutions, please read the following articles:
2025-09-25T09:41:26.0355139Z [ERROR] [Help 1] http://cwiki.apache.org/confluence/display/MAVEN/MojoFailureException
2025-09-25T09:41:26.0355808Z [ERROR]
2025-09-25T09:41:26.0356477Z [ERROR] After correcting the problems, you can resume the build with the command
2025-09-25T09:41:26.0357220Z [ERROR]   mvn <args> -rf :user-service
2025-09-25T09:41:26.0589916Z ##[error]Process completed with exit code 1.
